<?xml version="1.0" encoding="utf-8"?>
<CoverageSession xmlns:xsd="http://www.w3.org/2001/XMLSchema" xmlns:xsi="http://www.w3.org/2001/XMLSchema-instance" Version="0.0.0.0">
  <Summary numSequencePoints="52" visitedSequencePoints="49" numBranchPoints="0" visitedBranchPoints="0" sequenceCoverage="94.23" branchCoverage="0.0" maxCyclomaticComplexity="0" minCyclomaticComplexity="0" maxCrapScore="0" minCrapScore="0" visitedClasses="2" numClasses="2" visitedMethods="6" numMethods="6" />
  <Modules>
    <Module>
      <Summary numSequencePoints="21" visitedSequencePoints="21" numBranchPoints="0" visitedBranchPoints="0" sequenceCoverage="100.0" branchCoverage="0.0" maxCyclomaticComplexity="0" minCyclomaticComplexity="0" maxCrapScore="0" minCrapScore="0" visitedClasses="1" numClasses="1" visitedMethods="1" numMethods="1" />
      <ModuleTime>0001-01-01T00:00:00</ModuleTime>
      <ModuleName>PlayTest</ModuleName>
      <Files>
        <File uid="1" fullPath="D:/Unity Repos/AGS-3D-Demo/Assets/Scripts/PlayTest/PlaytestTest.cs" />
      </Files>
      <Classes>
        <Class>
          <Summary numSequencePoints="21" visitedSequencePoints="21" numBranchPoints="0" visitedBranchPoints="0" sequenceCoverage="100.0" branchCoverage="0.0" maxCyclomaticComplexity="0" minCyclomaticComplexity="0" maxCrapScore="0" minCrapScore="0" visitedClasses="1" numClasses="1" visitedMethods="1" numMethods="1" />
          <FullName>MoveTest/&lt;Jumps&gt;d__2</FullName>
          <Methods>
            <Method visited="true" cyclomaticComplexity="0" nPathComplexity="0" sequenceCoverage="100.0" branchCoverage="0" crapScore="0" isConstructor="false" isStatic="false" isGetter="false" isSetter="false">
              <Summary numSequencePoints="21" visitedSequencePoints="21" numBranchPoints="0" visitedBranchPoints="0" sequenceCoverage="100.0" branchCoverage="0" maxCyclomaticComplexity="0" minCyclomaticComplexity="0" maxCrapScore="0" minCrapScore="0" visitedClasses="0" numClasses="0" visitedMethods="1" numMethods="1" />
              <MetadataToken>100663315</MetadataToken>
              <Name>System.Boolean MoveTest/&lt;Jumps&gt;d__2::MoveNext()</Name>
              <FileRef uid="1" />
              <SequencePoints>
                <SequencePoint vc="1" uspid="873" ordinal="0" offset="66" sl="60" sc="5" el="60" ec="5" bec="0" bev="0" fileid="1" />
                <SequencePoint vc="1" uspid="874" ordinal="0" offset="67" sl="62" sc="9" el="62" ec="9" bec="0" bev="0" fileid="1" />
                <SequencePoint vc="1" uspid="875" ordinal="0" offset="113" sl="63" sc="9" el="63" ec="9" bec="0" bev="0" fileid="1" />
                <SequencePoint vc="1" uspid="876" ordinal="0" offset="124" sl="64" sc="9" el="64" ec="9" bec="0" bev="0" fileid="1" />
                <SequencePoint vc="1" uspid="877" ordinal="0" offset="141" sl="65" sc="9" el="65" ec="9" bec="0" bev="0" fileid="1" />
                <SequencePoint vc="1" uspid="878" ordinal="0" offset="158" sl="68" sc="9" el="68" ec="9" bec="0" bev="0" fileid="1" />
                <SequencePoint vc="68" uspid="879" ordinal="0" offset="192" sl="72" sc="9" el="72" ec="9" bec="0" bev="0" fileid="1" />
                <SequencePoint vc="68" uspid="880" ordinal="0" offset="193" sl="74" sc="13" el="74" ec="13" bec="0" bev="0" fileid="1" />
                <SequencePoint vc="68" uspid="881" ordinal="0" offset="220" sl="76" sc="13" el="76" ec="13" bec="0" bev="0" fileid="1" />
                <SequencePoint vc="68" uspid="882" ordinal="0" offset="247" sl="77" sc="9" el="77" ec="9" bec="0" bev="0" fileid="1" />
                <SequencePoint vc="69" uspid="883" ordinal="0" offset="248" sl="71" sc="9" el="71" ec="9" bec="0" bev="0" fileid="1" />
                <SequencePoint vc="1" uspid="884" ordinal="0" offset="266" sl="78" sc="9" el="78" ec="9" bec="0" bev="0" fileid="1" />
                <SequencePoint vc="1" uspid="885" ordinal="0" offset="293" sl="79" sc="9" el="79" ec="9" bec="0" bev="0" fileid="1" />
                <SequencePoint vc="1" uspid="886" ordinal="0" offset="325" sl="80" sc="9" el="80" ec="9" bec="0" bev="0" fileid="1" />
                <SequencePoint vc="1" uspid="887" ordinal="0" offset="337" sl="81" sc="9" el="81" ec="9" bec="0" bev="0" fileid="1" />
                <SequencePoint vc="1" uspid="888" ordinal="0" offset="364" sl="85" sc="9" el="85" ec="9" bec="0" bev="0" fileid="1" />
                <SequencePoint vc="1" uspid="889" ordinal="0" offset="396" sl="87" sc="9" el="87" ec="9" bec="0" bev="0" fileid="1" />
                <SequencePoint vc="1" uspid="890" ordinal="0" offset="423" sl="88" sc="9" el="88" ec="9" bec="0" bev="0" fileid="1" />
                <SequencePoint vc="1" uspid="891" ordinal="0" offset="450" sl="89" sc="9" el="89" ec="9" bec="0" bev="0" fileid="1" />
                <SequencePoint vc="1" uspid="892" ordinal="0" offset="482" sl="90" sc="9" el="90" ec="9" bec="0" bev="0" fileid="1" />
                <SequencePoint vc="1" uspid="893" ordinal="0" offset="516" sl="91" sc="5" el="91" ec="5" bec="0" bev="0" fileid="1" />
              </SequencePoints>
              <BranchPoints />
            </Method>
          </Methods>
        </Class>
      </Classes>
    </Module>
    <Module>
      <Summary numSequencePoints="31" visitedSequencePoints="28" numBranchPoints="0" visitedBranchPoints="0" sequenceCoverage="90.32" branchCoverage="0.0" maxCyclomaticComplexity="0" minCyclomaticComplexity="0" maxCrapScore="0" minCrapScore="0" visitedClasses="1" numClasses="1" visitedMethods="5" numMethods="5" />
      <ModuleTime>0001-01-01T00:00:00</ModuleTime>
      <ModuleName>BaseAssemDef</ModuleName>
      <Files>
        <File uid="2" fullPath="D:/Unity Repos/AGS-3D-Demo/Assets/Scripts/bounder.cs" />
        <File uid="3" fullPath="D:/Unity Repos/AGS-3D-Demo/Assets/Scripts/Editor/tests.cs" />
        <File uid="4" fullPath="D:/Unity Repos/AGS-3D-Demo/Assets/Scripts/InputManager.cs" />
        <File uid="5" fullPath="D:/Unity Repos/AGS-3D-Demo/Assets/Scripts/Interactable.cs" />
        <File uid="6" fullPath="D:/Unity Repos/AGS-3D-Demo/Assets/Scripts/Interactables/Starter.cs" />
        <File uid="7" fullPath="D:/Unity Repos/AGS-3D-Demo/Assets/Scripts/Player/PlayerInteract.cs" />
        <File uid="8" fullPath="D:/Unity Repos/AGS-3D-Demo/Assets/Scripts/Player/PlayerLook.cs" />
        <File uid="9" fullPath="D:/Unity Repos/AGS-3D-Demo/Assets/Scripts/Player/PlayerMotor.cs" />
        <File uid="10" fullPath="D:/Unity Repos/AGS-3D-Demo/Assets/Scripts/Player/PlayerShoot.cs" />
        <File uid="11" fullPath="D:/Unity Repos/AGS-3D-Demo/Assets/Scripts/Player/PlayerUI.cs" />
        <File uid="12" fullPath="D:/Unity Repos/AGS-3D-Demo/Assets/Scripts/targets.cs" />
        <File uid="13" fullPath="D:/Unity Repos/AGS-3D-Demo/Assets/Scripts/TargetSpawner.cs" />
        <File uid="14" fullPath="D:/Unity Repos/AGS-3D-Demo/Assets/Scripts/TestClass.cs" />
      </Files>
      <Classes>
        <Class>
          <Summary numSequencePoints="31" visitedSequencePoints="28" numBranchPoints="0" visitedBranchPoints="0" sequenceCoverage="90.32" branchCoverage="0.0" maxCyclomaticComplexity="0" minCyclomaticComplexity="0" maxCrapScore="0" minCrapScore="0" visitedClasses="1" numClasses="1" visitedMethods="5" numMethods="5" />
          <FullName>PlayerMotor</FullName>
          <Methods>
            <Method visited="true" cyclomaticComplexity="0" nPathComplexity="0" sequenceCoverage="100.0" branchCoverage="0" crapScore="0" isConstructor="false" isStatic="false" isGetter="false" isSetter="false">
              <Summary numSequencePoints="5" visitedSequencePoints="5" numBranchPoints="0" visitedBranchPoints="0" sequenceCoverage="100.0" branchCoverage="0" maxCyclomaticComplexity="0" minCyclomaticComplexity="0" maxCrapScore="0" minCrapScore="0" visitedClasses="0" numClasses="0" visitedMethods="1" numMethods="1" />
              <MetadataToken>100663325</MetadataToken>
              <Name>System.Void PlayerMotor::Awake()</Name>
              <FileRef uid="9" />
              <SequencePoints>
                <SequencePoint vc="1" uspid="1005" ordinal="0" offset="0" sl="18" sc="5" el="18" ec="5" bec="0" bev="0" fileid="9" />
                <SequencePoint vc="1" uspid="1006" ordinal="0" offset="1" sl="19" sc="9" el="19" ec="9" bec="0" bev="0" fileid="9" />
                <SequencePoint vc="1" uspid="1007" ordinal="0" offset="13" sl="20" sc="9" el="20" ec="9" bec="0" bev="0" fileid="9" />
                <SequencePoint vc="1" uspid="1008" ordinal="0" offset="24" sl="21" sc="9" el="21" ec="9" bec="0" bev="0" fileid="9" />
                <SequencePoint vc="1" uspid="1009" ordinal="0" offset="36" sl="22" sc="5" el="22" ec="5" bec="0" bev="0" fileid="9" />
              </SequencePoints>
              <BranchPoints />
            </Method>
            <Method visited="true" cyclomaticComplexity="0" nPathComplexity="0" sequenceCoverage="100.0" branchCoverage="0" crapScore="0" isConstructor="false" isStatic="false" isGetter="false" isSetter="false">
              <Summary numSequencePoints="3" visitedSequencePoints="3" numBranchPoints="0" visitedBranchPoints="0" sequenceCoverage="100.0" branchCoverage="0" maxCyclomaticComplexity="0" minCyclomaticComplexity="0" maxCrapScore="0" minCrapScore="0" visitedClasses="0" numClasses="0" visitedMethods="1" numMethods="1" />
              <MetadataToken>100663326</MetadataToken>
              <Name>System.Void PlayerMotor::Update()</Name>
              <FileRef uid="9" />
              <SequencePoints>
                <SequencePoint vc="493" uspid="1010" ordinal="0" offset="0" sl="26" sc="5" el="26" ec="5" bec="0" bev="0" fileid="9" />
                <SequencePoint vc="493" uspid="1011" ordinal="0" offset="1" sl="27" sc="9" el="27" ec="9" bec="0" bev="0" fileid="9" />
                <SequencePoint vc="493" uspid="1012" ordinal="0" offset="18" sl="28" sc="5" el="28" ec="5" bec="0" bev="0" fileid="9" />
              </SequencePoints>
              <BranchPoints />
            </Method>
            <Method visited="true" cyclomaticComplexity="0" nPathComplexity="0" sequenceCoverage="75.00" branchCoverage="0" crapScore="0" isConstructor="false" isStatic="false" isGetter="false" isSetter="false">
              <Summary numSequencePoints="12" visitedSequencePoints="9" numBranchPoints="0" visitedBranchPoints="0" sequenceCoverage="75.00" branchCoverage="0" maxCyclomaticComplexity="0" minCyclomaticComplexity="0" maxCrapScore="0" minCrapScore="0" visitedClasses="0" numClasses="0" visitedMethods="1" numMethods="1" />
              <MetadataToken>100663327</MetadataToken>
              <Name>System.Void PlayerMotor::ProcessMove(UnityEngine.Vector2)</Name>
              <FileRef uid="9" />
              <SequencePoints>
                <SequencePoint vc="69" uspid="1013" ordinal="0" offset="0" sl="31" sc="5" el="31" ec="5" bec="0" bev="0" fileid="9" />
                <SequencePoint vc="69" uspid="1014" ordinal="0" offset="1" sl="33" sc="9" el="33" ec="9" bec="0" bev="0" fileid="9" />
                <SequencePoint vc="69" uspid="1015" ordinal="0" offset="7" sl="34" sc="9" el="34" ec="9" bec="0" bev="0" fileid="9" />
                <SequencePoint vc="69" uspid="1016" ordinal="0" offset="20" sl="35" sc="9" el="35" ec="9" bec="0" bev="0" fileid="9" />
                <SequencePoint vc="69" uspid="1017" ordinal="0" offset="33" sl="37" sc="9" el="37" ec="9" bec="0" bev="0" fileid="9" />
                <SequencePoint vc="69" uspid="1018" ordinal="0" offset="78" sl="38" sc="9" el="38" ec="9" bec="0" bev="0" fileid="9" />
                <SequencePoint vc="69" uspid="1019" ordinal="0" offset="105" sl="39" sc="9" el="39" ec="9" bec="0" bev="0" fileid="9" />
                <SequencePoint vc="0" uspid="1020" ordinal="0" offset="138" sl="40" sc="9" el="40" ec="9" bec="0" bev="0" fileid="9" />
                <SequencePoint vc="0" uspid="1021" ordinal="0" offset="139" sl="41" sc="13" el="41" ec="13" bec="0" bev="0" fileid="9" />
                <SequencePoint vc="0" uspid="1022" ordinal="0" offset="155" sl="42" sc="9" el="42" ec="9" bec="0" bev="0" fileid="9" />
                <SequencePoint vc="69" uspid="1023" ordinal="0" offset="156" sl="43" sc="9" el="43" ec="9" bec="0" bev="0" fileid="9" />
                <SequencePoint vc="69" uspid="1024" ordinal="0" offset="184" sl="44" sc="5" el="44" ec="5" bec="0" bev="0" fileid="9" />
              </SequencePoints>
              <BranchPoints />
            </Method>
            <Method visited="true" cyclomaticComplexity="0" nPathComplexity="0" sequenceCoverage="100.0" branchCoverage="0" crapScore="0" isConstructor="false" isStatic="false" isGetter="false" isSetter="false">
              <Summary numSequencePoints="7" visitedSequencePoints="7" numBranchPoints="0" visitedBranchPoints="0" sequenceCoverage="100.0" branchCoverage="0" maxCyclomaticComplexity="0" minCyclomaticComplexity="0" maxCrapScore="0" minCrapScore="0" visitedClasses="0" numClasses="0" visitedMethods="1" numMethods="1" />
              <MetadataToken>100663328</MetadataToken>
              <Name>System.Void PlayerMotor::Jump()</Name>
              <FileRef uid="9" />
              <SequencePoints>
                <SequencePoint vc="1" uspid="1025" ordinal="0" offset="0" sl="47" sc="5" el="47" ec="5" bec="0" bev="0" fileid="9" />
                <SequencePoint vc="1" uspid="1026" ordinal="0" offset="1" sl="48" sc="9" el="48" ec="9" bec="0" bev="0" fileid="9" />
                <SequencePoint vc="1" uspid="1027" ordinal="0" offset="11" sl="48" sc="25" el="48" ec="25" bec="0" bev="0" fileid="9" />
                <SequencePoint vc="1" uspid="1028" ordinal="0" offset="12" sl="49" sc="13" el="49" ec="13" bec="0" bev="0" fileid="9" />
                <SequencePoint vc="1" uspid="1029" ordinal="0" offset="47" sl="50" sc="13" el="50" ec="13" bec="0" bev="0" fileid="9" />
                <SequencePoint vc="1" uspid="1030" ordinal="0" offset="58" sl="51" sc="9" el="51" ec="9" bec="0" bev="0" fileid="9" />
                <SequencePoint vc="1" uspid="1031" ordinal="0" offset="59" sl="52" sc="5" el="52" ec="5" bec="0" bev="0" fileid="9" />
              </SequencePoints>
              <BranchPoints />
            </Method>
            <Method visited="true" cyclomaticComplexity="0" nPathComplexity="0" sequenceCoverage="100.0" branchCoverage="0" crapScore="0" isConstructor="true" isStatic="false" isGetter="false" isSetter="false">
              <Summary numSequencePoints="4" visitedSequencePoints="4" numBranchPoints="0" visitedBranchPoints="0" sequenceCoverage="100.0" branchCoverage="0" maxCyclomaticComplexity="0" minCyclomaticComplexity="0" maxCrapScore="0" minCrapScore="0" visitedClasses="0" numClasses="0" visitedMethods="1" numMethods="1" />
              <MetadataToken>100663329</MetadataToken>
              <Name>PlayerMotor::PlayerMotor()</Name>
              <FileRef uid="9" />
              <SequencePoints>
                <SequencePoint vc="1" uspid="1032" ordinal="0" offset="0" sl="10" sc="5" el="10" ec="5" bec="0" bev="0" fileid="9" />
                <SequencePoint vc="1" uspid="1033" ordinal="0" offset="7" sl="14" sc="5" el="14" ec="5" bec="0" bev="0" fileid="9" />
                <SequencePoint vc="1" uspid="1034" ordinal="0" offset="18" sl="15" sc="5" el="15" ec="5" bec="0" bev="0" fileid="9" />
                <SequencePoint vc="1" uspid="1035" ordinal="0" offset="29" sl="16" sc="5" el="16" ec="5" bec="0" bev="0" fileid="9" />
              </SequencePoints>
              <BranchPoints />
            </Method>
          </Methods>
        </Class>
      </Classes>
    </Module>
  </Modules>
</CoverageSession>